<?xml version="1.0" encoding="UTF-8"?>
<!-- Generated by org.testng.reporters.JUnitXMLReporter -->
<testsuite ignored="0" hostname="DESKTOP-JETT67U" failures="0" tests="3" name="Test" time="7.634" errors="0" timestamp="2025-05-06T08:34:55 IST">
  <testcase classname="day4_11042025.ListenersDemo" name="login" time="7.557"/>
  <testcase classname="day4_11042025.ListenersDemo" name="testToBeFailed" time="0.01"/>
  <testcase classname="day4_11042025.ListenersDemo" name="testToBeSkipped" time="0.001">
    <skipped/>
  </testcase> <!-- testToBeSkipped -->
</testsuite> <!-- Test -->
