<?xml version="1.0" encoding="UTF-8"?>
<testng-results ignored="0" total="1" passed="1" failed="0" skipped="0">
  <reporter-output>
  </reporter-output>
  <suite started-at="2025-04-22T08:08:50 IST" name="Default suite" finished-at="2025-04-22T08:10:01 IST" duration-ms="70933">
    <groups>
    </groups>
    <test started-at="2025-04-22T08:08:50 IST" name="Default test" finished-at="2025-04-22T08:10:01 IST" duration-ms="70933">
      <class name="day10_22042025.HybdridFramework">
        <test-method signature="executionMethod()[pri:0, instance:day10_22042025.HybdridFramework@48f278eb]" started-at="2025-04-22T08:08:50 IST" name="executionMethod" finished-at="2025-04-22T08:10:01 IST" duration-ms="70884" status="PASS">
          <reporter-output>
          </reporter-output>
        </test-method> <!-- executionMethod -->
      </class> <!-- day10_22042025.HybdridFramework -->
    </test> <!-- Default test -->
  </suite> <!-- Default suite -->
</testng-results>
